<?xml version="1.0" encoding="UTF-8"?>
<!-- Generated by org.testng.reporters.JUnitXMLReporter -->
<testsuite ignored="0" hostname="DESKTOP-TLRQ9UM" failures="1" tests="2" name="chrome" time="16.114" errors="0" timestamp="2023-03-29T08:15:39 IST">
  <testcase classname="testPackage.TestClassTNG" name="VerifyDashboardElemenents" time="6.769">
    <failure type="java.lang.AssertionError" message="expected [https://opensource-demo.orangehrmlive.com/web/index.php/dashboard] but found [https://opensource-demo.orangehrmlive.com/web/index.php/dashboard/index]">
      <![CDATA[java.lang.AssertionError: expected [https://opensource-demo.orangehrmlive.com/web/index.php/dashboard] but found [https://opensource-demo.orangehrmlive.com/web/index.php/dashboard/index]
at testPackage.TestClassTNG.VerifyDashboardElemenents(TestClassTNG.java:57)
at java.base/java.util.ArrayList.forEach(ArrayList.java:1511)
... Removed 31 stack frames]]>
    </failure>
  </testcase> <!-- VerifyDashboardElemenents -->
  <testcase classname="testPackage.TestClassTNG" name="verifyAdmin" time="0.011"/>
</testsuite> <!-- chrome -->
