<?xml version="1.0" encoding="UTF-8"?>
<testng-results ignored="0" total="1" passed="1" failed="0" skipped="0">
  <reporter-output>
  </reporter-output>
  <suite started-at="2023-03-23T09:49:36 IST" name="Suite" finished-at="2023-03-23T09:49:54 IST" duration-ms="17543">
    <groups>
    </groups>
    <test started-at="2023-03-23T09:49:36 IST" name="chrome" finished-at="2023-03-23T09:49:54 IST" duration-ms="17543">
      <class name="testPackage.TestClassTNG">
        <test-method is-config="true" signature="beforetest(java.lang.String)[pri:0, instance:testPackage.TestClassTNG@1e800aaa]" started-at="2023-03-23T09:49:36 IST" name="beforetest" finished-at="2023-03-23T09:49:45 IST" duration-ms="8763" status="PASS">
          <params>
            <param index="0">
              <value>
                <![CDATA[chrome]]>
              </value>
            </param>
          </params>
          <reporter-output>
          </reporter-output>
        </test-method> <!-- beforetest -->
        <test-method is-config="true" signature="beforeClass()[pri:0, instance:testPackage.TestClassTNG@1e800aaa]" started-at="2023-03-23T09:49:45 IST" name="beforeClass" finished-at="2023-03-23T09:49:45 IST" duration-ms="1" status="PASS">
          <reporter-output>
          </reporter-output>
        </test-method> <!-- beforeClass -->
        <test-method is-config="true" signature="beforeMethod()[pri:0, instance:testPackage.TestClassTNG@1e800aaa]" started-at="2023-03-23T09:49:45 IST" name="beforeMethod" finished-at="2023-03-23T09:49:45 IST" duration-ms="0" status="PASS">
          <reporter-output>
          </reporter-output>
        </test-method> <!-- beforeMethod -->
        <test-method signature="VerifyDashboardElemenents()[pri:0, instance:testPackage.TestClassTNG@1e800aaa]" started-at="2023-03-23T09:49:45 IST" name="VerifyDashboardElemenents" finished-at="2023-03-23T09:49:53 IST" duration-ms="8097" status="PASS">
          <reporter-output>
          </reporter-output>
        </test-method> <!-- VerifyDashboardElemenents -->
        <test-method is-config="true" signature="afterMethod()[pri:0, instance:testPackage.TestClassTNG@1e800aaa]" started-at="2023-03-23T09:49:53 IST" name="afterMethod" finished-at="2023-03-23T09:49:53 IST" duration-ms="3" status="PASS">
          <reporter-output>
          </reporter-output>
        </test-method> <!-- afterMethod -->
        <test-method is-config="true" signature="afterClass()[pri:0, instance:testPackage.TestClassTNG@1e800aaa]" started-at="2023-03-23T09:49:53 IST" name="afterClass" finished-at="2023-03-23T09:49:53 IST" duration-ms="5" status="PASS">
          <reporter-output>
          </reporter-output>
        </test-method> <!-- afterClass -->
        <test-method is-config="true" signature="aftertest()[pri:0, instance:testPackage.TestClassTNG@1e800aaa]" started-at="2023-03-23T09:49:53 IST" name="aftertest" finished-at="2023-03-23T09:49:54 IST" duration-ms="609" status="PASS">
          <reporter-output>
          </reporter-output>
        </test-method> <!-- aftertest -->
      </class> <!-- testPackage.TestClassTNG -->
    </test> <!-- chrome -->
  </suite> <!-- Suite -->
</testng-results>
